<?xml version="1.0" encoding="UTF-8"?>
<testsuites name="Keywords" time="145.673" tests="1" failures="0" errors="0">
   <testsuite name="Keywords" tests="1" failures="0" errors="0" time="145.673" skipped="0" timestamp="2024-02-01 12:14:45" hostname="rmesw - MARIES" id="Test Suites/Keywords">
      <properties>
         <property name="deviceName" value=""/>
         <property name="devicePlatform" value=""/>
         <property name="logFolder" value="C:\\Users\\rmesw\\git\\Katalon_Testing\\Reports\\20240201_121441\\Keywords\\20240201_121442"/>
         <property name="logFiles" value="C:\\Users\\rmesw\\git\\Katalon_Testing\\Reports\\20240201_121441\\Keywords\\20240201_121442\\execution0.log"/>
         <property name="attachments" value=""/>
         <property name="hostName" value="rmesw - MARIES"/>
         <property name="os" value="Windows 11 64bit"/>
         <property name="katalonVersion" value="9.0.0.212"/>
         <property name="browser" value="Chrome 121.0.0.0"/>
         <property name="hostAddress" value="192.168.36.64"/>
         <property name="sessionId" value="3cea977597751f19bad87405511e6f46"/>
         <property name="seleniumVersion" value="3.141.59"/>
         <property name="proxyInformation" value="ProxyInformation { proxyOption=NO_PROXY, proxyServerType=HTTP, username=, password=********, proxyServerAddress=, proxyServerPort=0, executionList=&quot;&quot;, isApplyToDesiredCapabilities=true }"/>
         <property name="platform" value="Windows 11"/>
      </properties>
      <testcase name="Test Cases/Keywords/TC_Amazon_ValidateDropdown_withKeyword" time="145.549" classname="Test Cases/Keywords/TC_Amazon_ValidateDropdown_withKeyword" status="PASSED">
         <system-out><![CDATA[2024-02-01 12:14:45 - [TEST_CASE][PASSED] - Test Cases/Keywords/TC_Amazon_ValidateDropdown_withKeyword: Test Cases/Keywords/TC_Amazon_ValidateDropdown_withKeyword

2024-02-01 12:14:45 - [TEST_STEP][PASSED] - openBrowser(""): Browser is opened with url: ''

2024-02-01 12:14:46 - [MESSAGE][INFO] - Starting 'Chrome' driver

2024-02-01 12:14:46 - [MESSAGE][INFO] - Action delay is set to 0 milliseconds

2024-02-01 12:14:47 - [MESSAGE][PASSED] - Browser is opened with url: ''

2024-02-01 12:14:47 - [TEST_STEP][PASSED] - navigateToUrl("http://www.amazon.com"): Navigate to 'http://www.amazon.com' successfully

2024-02-01 12:14:49 - [MESSAGE][PASSED] - Navigate to 'http://www.amazon.com' successfully

2024-02-01 12:14:49 - [TEST_STEP][PASSED] - selectOptionByLabel(findTestObject("Amazon_Category_Validation_Excel_OR/Page_Amazon.com. Spend less. Smile more/CategoryElement"), "Books", false): All options with label 'Books' are selected in object 'Object Repository/Amazon_Category_Validation_Excel_OR/Page_Amazon.com. Spend less. Smile more/CategoryElement' 

2024-02-01 12:16:47 - [MESSAGE][PASSED] - All options with label 'Books' are selected in object 'Object Repository/Amazon_Category_Validation_Excel_OR/Page_Amazon.com. Spend less. Smile more/CategoryElement' 

2024-02-01 12:16:47 - [TEST_STEP][PASSED] - com.qa.test.CustomFunctions.CheckDropDownListElementExist(findTestObject("Amazon_Category_Validation_Excel_OR/Page_Amazon.com. Spend less. Smile more/CategoryElement"), "Books"): com.qa.test.CustomFunctions.CheckDropDownListElementExist is PASSED

2024-02-01 12:16:53 - [MESSAGE][PASSED] - com.qa.test.CustomFunctions.CheckDropDownListElementExist is PASSED

2024-02-01 12:16:53 - [TEST_STEP][PASSED] - setText(findTestObject("Amazon_Category_Validation_Excel_OR/Page_Amazon.com. Spend less. Smile more/input_Search Amazon_field-keywords"), "Da vinci Code"): Text 'Da vinci Code' is set on object 'Object Repository/Amazon_Category_Validation_Excel_OR/Page_Amazon.com. Spend less. Smile more/input_Search Amazon_field-keywords'

2024-02-01 12:16:58 - [MESSAGE][PASSED] - Text 'Da vinci Code' is set on object 'Object Repository/Amazon_Category_Validation_Excel_OR/Page_Amazon.com. Spend less. Smile more/input_Search Amazon_field-keywords'

2024-02-01 12:16:58 - [TEST_STEP][PASSED] - click(findTestObject("Amazon_Category_Validation_Excel_OR/Page_Amazon.com. Spend less. Smile more/input_Search Amazon_nav-search-submit-button")): Object: 'Object Repository/Amazon_Category_Validation_Excel_OR/Page_Amazon.com. Spend less. Smile more/input_Search Amazon_nav-search-submit-button' is clicked on

2024-02-01 12:17:11 - [MESSAGE][PASSED] - Object: 'Object Repository/Amazon_Category_Validation_Excel_OR/Page_Amazon.com. Spend less. Smile more/input_Search Amazon_nav-search-submit-button' is clicked on

2024-02-01 12:17:11 - [TEST_STEP][PASSED] - closeBrowser(): Browser is closed

2024-02-01 12:17:11 - [MESSAGE][PASSED] - Browser is closed]]></system-out>
         <system-err><![CDATA[]]></system-err>
      </testcase>
      <system-out><![CDATA[2024-02-01 12:14:45 - [TEST_SUITE][PASSED] - Keywords: Test Cases/Keywords/TC_Amazon_ValidateDropdown_withKeyword]]></system-out>
      <system-err><![CDATA[]]></system-err>
   </testsuite>
</testsuites>
